

Started GET "/" for ::1 at 2015-08-26 21:22:50 -0300

ActiveRecord::NoDatabaseError (FATAL:  database "leads_development" does not exist
):
  activerecord (4.2.4) lib/active_record/connection_adapters/postgresql_adapter.rb:665:in `rescue in connect'
  activerecord (4.2.4) lib/active_record/connection_adapters/postgresql_adapter.rb:655:in `connect'
  activerecord (4.2.4) lib/active_record/connection_adapters/postgresql_adapter.rb:242:in `initialize'
  activerecord (4.2.4) lib/active_record/connection_adapters/postgresql_adapter.rb:44:in `new'
  activerecord (4.2.4) lib/active_record/connection_adapters/postgresql_adapter.rb:44:in `postgresql_connection'
  activerecord (4.2.4) lib/active_record/connection_adapters/abstract/connection_pool.rb:438:in `new_connection'
  activerecord (4.2.4) lib/active_record/connection_adapters/abstract/connection_pool.rb:448:in `checkout_new_connection'
  activerecord (4.2.4) lib/active_record/connection_adapters/abstract/connection_pool.rb:422:in `acquire_connection'
  activerecord (4.2.4) lib/active_record/connection_adapters/abstract/connection_pool.rb:349:in `block in checkout'
  /Users/thiago.rossato/.rvm/rubies/ruby-2.2.2/lib/ruby/2.2.0/monitor.rb:211:in `mon_synchronize'
  activerecord (4.2.4) lib/active_record/connection_adapters/abstract/connection_pool.rb:348:in `checkout'
  activerecord (4.2.4) lib/active_record/connection_adapters/abstract/connection_pool.rb:263:in `block in connection'
  /Users/thiago.rossato/.rvm/rubies/ruby-2.2.2/lib/ruby/2.2.0/monitor.rb:211:in `mon_synchronize'
  activerecord (4.2.4) lib/active_record/connection_adapters/abstract/connection_pool.rb:262:in `connection'
  activerecord (4.2.4) lib/active_record/connection_adapters/abstract/connection_pool.rb:571:in `retrieve_connection'
  activerecord (4.2.4) lib/active_record/connection_handling.rb:113:in `retrieve_connection'
  activerecord (4.2.4) lib/active_record/connection_handling.rb:87:in `connection'
  activerecord (4.2.4) lib/active_record/migration.rb:383:in `connection'
  activerecord (4.2.4) lib/active_record/migration.rb:370:in `call'
  actionpack (4.2.4) lib/action_dispatch/middleware/callbacks.rb:29:in `block in call'
  activesupport (4.2.4) lib/active_support/callbacks.rb:88:in `__run_callbacks__'
  activesupport (4.2.4) lib/active_support/callbacks.rb:778:in `_run_call_callbacks'
  activesupport (4.2.4) lib/active_support/callbacks.rb:81:in `run_callbacks'
  actionpack (4.2.4) lib/action_dispatch/middleware/callbacks.rb:27:in `call'
  actionpack (4.2.4) lib/action_dispatch/middleware/reloader.rb:73:in `call'
  actionpack (4.2.4) lib/action_dispatch/middleware/remote_ip.rb:78:in `call'
  actionpack (4.2.4) lib/action_dispatch/middleware/debug_exceptions.rb:17:in `call'
  web-console (2.2.1) lib/web_console/middleware.rb:39:in `call'
  actionpack (4.2.4) lib/action_dispatch/middleware/show_exceptions.rb:30:in `call'
  railties (4.2.4) lib/rails/rack/logger.rb:38:in `call_app'
  railties (4.2.4) lib/rails/rack/logger.rb:20:in `block in call'
  activesupport (4.2.4) lib/active_support/tagged_logging.rb:68:in `block in tagged'
  activesupport (4.2.4) lib/active_support/tagged_logging.rb:26:in `tagged'
  activesupport (4.2.4) lib/active_support/tagged_logging.rb:68:in `tagged'
  railties (4.2.4) lib/rails/rack/logger.rb:20:in `call'
  actionpack (4.2.4) lib/action_dispatch/middleware/request_id.rb:21:in `call'
  rack (1.6.4) lib/rack/methodoverride.rb:22:in `call'
  rack (1.6.4) lib/rack/runtime.rb:18:in `call'
  activesupport (4.2.4) lib/active_support/cache/strategy/local_cache_middleware.rb:28:in `call'
  rack (1.6.4) lib/rack/lock.rb:17:in `call'
  actionpack (4.2.4) lib/action_dispatch/middleware/static.rb:116:in `call'
  rack (1.6.4) lib/rack/sendfile.rb:113:in `call'
  railties (4.2.4) lib/rails/engine.rb:518:in `call'
  railties (4.2.4) lib/rails/application.rb:165:in `call'
  rack (1.6.4) lib/rack/lock.rb:17:in `call'
  rack (1.6.4) lib/rack/content_length.rb:15:in `call'
  rack (1.6.4) lib/rack/handler/webrick.rb:88:in `service'
  /Users/thiago.rossato/.rvm/rubies/ruby-2.2.2/lib/ruby/2.2.0/webrick/httpserver.rb:138:in `service'
  /Users/thiago.rossato/.rvm/rubies/ruby-2.2.2/lib/ruby/2.2.0/webrick/httpserver.rb:94:in `run'
  /Users/thiago.rossato/.rvm/rubies/ruby-2.2.2/lib/ruby/2.2.0/webrick/server.rb:294:in `block in start_thread'


  Rendered /Users/thiago.rossato/.rvm/gems/ruby-2.2.2/gems/actionpack-4.2.4/lib/action_dispatch/middleware/templates/rescues/_source.erb (4.4ms)
  Rendered /Users/thiago.rossato/.rvm/gems/ruby-2.2.2/gems/actionpack-4.2.4/lib/action_dispatch/middleware/templates/rescues/_trace.html.erb (2.2ms)
  Rendered /Users/thiago.rossato/.rvm/gems/ruby-2.2.2/gems/actionpack-4.2.4/lib/action_dispatch/middleware/templates/rescues/_request_and_response.html.erb (1.1ms)
  Rendered /Users/thiago.rossato/.rvm/gems/ruby-2.2.2/gems/actionpack-4.2.4/lib/action_dispatch/middleware/templates/rescues/diagnostics.html.erb within rescues/layout (78.9ms)
  Rendered /Users/thiago.rossato/.rvm/gems/ruby-2.2.2/gems/web-console-2.2.1/lib/web_console/templates/_markup.html.erb (0.5ms)
  Rendered /Users/thiago.rossato/.rvm/gems/ruby-2.2.2/gems/web-console-2.2.1/lib/web_console/templates/_inner_console_markup.html.erb within layouts/inlined_string (0.7ms)
  Rendered /Users/thiago.rossato/.rvm/gems/ruby-2.2.2/gems/web-console-2.2.1/lib/web_console/templates/_prompt_box_markup.html.erb within layouts/inlined_string (0.3ms)
  Rendered /Users/thiago.rossato/.rvm/gems/ruby-2.2.2/gems/web-console-2.2.1/lib/web_console/templates/style.css.erb within layouts/inlined_string (0.4ms)
  Rendered /Users/thiago.rossato/.rvm/gems/ruby-2.2.2/gems/web-console-2.2.1/lib/web_console/templates/console.js.erb within layouts/javascript (71.9ms)
  Rendered /Users/thiago.rossato/.rvm/gems/ruby-2.2.2/gems/web-console-2.2.1/lib/web_console/templates/main.js.erb within layouts/javascript (0.3ms)
  Rendered /Users/thiago.rossato/.rvm/gems/ruby-2.2.2/gems/web-console-2.2.1/lib/web_console/templates/error_page.js.erb within layouts/javascript (0.5ms)
  Rendered /Users/thiago.rossato/.rvm/gems/ruby-2.2.2/gems/web-console-2.2.1/lib/web_console/templates/index.html.erb (156.3ms)


Started GET "/" for ::1 at 2015-08-26 21:22:51 -0300

ActiveRecord::NoDatabaseError (FATAL:  database "leads_development" does not exist
):
  activerecord (4.2.4) lib/active_record/connection_adapters/postgresql_adapter.rb:665:in `rescue in connect'
  activerecord (4.2.4) lib/active_record/connection_adapters/postgresql_adapter.rb:655:in `connect'
  activerecord (4.2.4) lib/active_record/connection_adapters/postgresql_adapter.rb:242:in `initialize'
  activerecord (4.2.4) lib/active_record/connection_adapters/postgresql_adapter.rb:44:in `new'
  activerecord (4.2.4) lib/active_record/connection_adapters/postgresql_adapter.rb:44:in `postgresql_connection'
  activerecord (4.2.4) lib/active_record/connection_adapters/abstract/connection_pool.rb:438:in `new_connection'
  activerecord (4.2.4) lib/active_record/connection_adapters/abstract/connection_pool.rb:448:in `checkout_new_connection'
  activerecord (4.2.4) lib/active_record/connection_adapters/abstract/connection_pool.rb:422:in `acquire_connection'
  activerecord (4.2.4) lib/active_record/connection_adapters/abstract/connection_pool.rb:349:in `block in checkout'
  /Users/thiago.rossato/.rvm/rubies/ruby-2.2.2/lib/ruby/2.2.0/monitor.rb:211:in `mon_synchronize'
  activerecord (4.2.4) lib/active_record/connection_adapters/abstract/connection_pool.rb:348:in `checkout'
  activerecord (4.2.4) lib/active_record/connection_adapters/abstract/connection_pool.rb:263:in `block in connection'
  /Users/thiago.rossato/.rvm/rubies/ruby-2.2.2/lib/ruby/2.2.0/monitor.rb:211:in `mon_synchronize'
  activerecord (4.2.4) lib/active_record/connection_adapters/abstract/connection_pool.rb:262:in `connection'
  activerecord (4.2.4) lib/active_record/connection_adapters/abstract/connection_pool.rb:571:in `retrieve_connection'
  activerecord (4.2.4) lib/active_record/connection_handling.rb:113:in `retrieve_connection'
  activerecord (4.2.4) lib/active_record/connection_handling.rb:87:in `connection'
  activerecord (4.2.4) lib/active_record/migration.rb:383:in `connection'
  activerecord (4.2.4) lib/active_record/migration.rb:370:in `call'
  actionpack (4.2.4) lib/action_dispatch/middleware/callbacks.rb:29:in `block in call'
  activesupport (4.2.4) lib/active_support/callbacks.rb:88:in `__run_callbacks__'
  activesupport (4.2.4) lib/active_support/callbacks.rb:778:in `_run_call_callbacks'
  activesupport (4.2.4) lib/active_support/callbacks.rb:81:in `run_callbacks'
  actionpack (4.2.4) lib/action_dispatch/middleware/callbacks.rb:27:in `call'
  actionpack (4.2.4) lib/action_dispatch/middleware/reloader.rb:73:in `call'
  actionpack (4.2.4) lib/action_dispatch/middleware/remote_ip.rb:78:in `call'
  actionpack (4.2.4) lib/action_dispatch/middleware/debug_exceptions.rb:17:in `call'
  web-console (2.2.1) lib/web_console/middleware.rb:39:in `call'
  actionpack (4.2.4) lib/action_dispatch/middleware/show_exceptions.rb:30:in `call'
  railties (4.2.4) lib/rails/rack/logger.rb:38:in `call_app'
  railties (4.2.4) lib/rails/rack/logger.rb:20:in `block in call'
  activesupport (4.2.4) lib/active_support/tagged_logging.rb:68:in `block in tagged'
  activesupport (4.2.4) lib/active_support/tagged_logging.rb:26:in `tagged'
  activesupport (4.2.4) lib/active_support/tagged_logging.rb:68:in `tagged'
  railties (4.2.4) lib/rails/rack/logger.rb:20:in `call'
  actionpack (4.2.4) lib/action_dispatch/middleware/request_id.rb:21:in `call'
  rack (1.6.4) lib/rack/methodoverride.rb:22:in `call'
  rack (1.6.4) lib/rack/runtime.rb:18:in `call'
  activesupport (4.2.4) lib/active_support/cache/strategy/local_cache_middleware.rb:28:in `call'
  rack (1.6.4) lib/rack/lock.rb:17:in `call'
  actionpack (4.2.4) lib/action_dispatch/middleware/static.rb:116:in `call'
  rack (1.6.4) lib/rack/sendfile.rb:113:in `call'
  railties (4.2.4) lib/rails/engine.rb:518:in `call'
  railties (4.2.4) lib/rails/application.rb:165:in `call'
  rack (1.6.4) lib/rack/lock.rb:17:in `call'
  rack (1.6.4) lib/rack/content_length.rb:15:in `call'
  rack (1.6.4) lib/rack/handler/webrick.rb:88:in `service'
  /Users/thiago.rossato/.rvm/rubies/ruby-2.2.2/lib/ruby/2.2.0/webrick/httpserver.rb:138:in `service'
  /Users/thiago.rossato/.rvm/rubies/ruby-2.2.2/lib/ruby/2.2.0/webrick/httpserver.rb:94:in `run'
  /Users/thiago.rossato/.rvm/rubies/ruby-2.2.2/lib/ruby/2.2.0/webrick/server.rb:294:in `block in start_thread'


  Rendered /Users/thiago.rossato/.rvm/gems/ruby-2.2.2/gems/actionpack-4.2.4/lib/action_dispatch/middleware/templates/rescues/_source.erb (5.8ms)
  Rendered /Users/thiago.rossato/.rvm/gems/ruby-2.2.2/gems/actionpack-4.2.4/lib/action_dispatch/middleware/templates/rescues/_trace.html.erb (2.2ms)
  Rendered /Users/thiago.rossato/.rvm/gems/ruby-2.2.2/gems/actionpack-4.2.4/lib/action_dispatch/middleware/templates/rescues/_request_and_response.html.erb (1.0ms)
  Rendered /Users/thiago.rossato/.rvm/gems/ruby-2.2.2/gems/actionpack-4.2.4/lib/action_dispatch/middleware/templates/rescues/diagnostics.html.erb within rescues/layout (81.3ms)
  Rendered /Users/thiago.rossato/.rvm/gems/ruby-2.2.2/gems/web-console-2.2.1/lib/web_console/templates/_markup.html.erb (0.6ms)
  Rendered /Users/thiago.rossato/.rvm/gems/ruby-2.2.2/gems/web-console-2.2.1/lib/web_console/templates/_inner_console_markup.html.erb within layouts/inlined_string (0.4ms)
  Rendered /Users/thiago.rossato/.rvm/gems/ruby-2.2.2/gems/web-console-2.2.1/lib/web_console/templates/_prompt_box_markup.html.erb within layouts/inlined_string (0.6ms)
  Rendered /Users/thiago.rossato/.rvm/gems/ruby-2.2.2/gems/web-console-2.2.1/lib/web_console/templates/style.css.erb within layouts/inlined_string (0.4ms)
  Rendered /Users/thiago.rossato/.rvm/gems/ruby-2.2.2/gems/web-console-2.2.1/lib/web_console/templates/console.js.erb within layouts/javascript (67.7ms)
  Rendered /Users/thiago.rossato/.rvm/gems/ruby-2.2.2/gems/web-console-2.2.1/lib/web_console/templates/main.js.erb within layouts/javascript (0.4ms)
  Rendered /Users/thiago.rossato/.rvm/gems/ruby-2.2.2/gems/web-console-2.2.1/lib/web_console/templates/error_page.js.erb within layouts/javascript (0.5ms)
  Rendered /Users/thiago.rossato/.rvm/gems/ruby-2.2.2/gems/web-console-2.2.1/lib/web_console/templates/index.html.erb (148.1ms)


Started GET "/" for ::1 at 2015-08-26 21:29:47 -0300

ActiveRecord::NoDatabaseError (FATAL:  database "leads_development" does not exist
):
  activerecord (4.2.4) lib/active_record/connection_adapters/postgresql_adapter.rb:665:in `rescue in connect'
  activerecord (4.2.4) lib/active_record/connection_adapters/postgresql_adapter.rb:655:in `connect'
  activerecord (4.2.4) lib/active_record/connection_adapters/postgresql_adapter.rb:242:in `initialize'
  activerecord (4.2.4) lib/active_record/connection_adapters/postgresql_adapter.rb:44:in `new'
  activerecord (4.2.4) lib/active_record/connection_adapters/postgresql_adapter.rb:44:in `postgresql_connection'
  activerecord (4.2.4) lib/active_record/connection_adapters/abstract/connection_pool.rb:438:in `new_connection'
  activerecord (4.2.4) lib/active_record/connection_adapters/abstract/connection_pool.rb:448:in `checkout_new_connection'
  activerecord (4.2.4) lib/active_record/connection_adapters/abstract/connection_pool.rb:422:in `acquire_connection'
  activerecord (4.2.4) lib/active_record/connection_adapters/abstract/connection_pool.rb:349:in `block in checkout'
  /Users/thiago.rossato/.rvm/rubies/ruby-2.2.2/lib/ruby/2.2.0/monitor.rb:211:in `mon_synchronize'
  activerecord (4.2.4) lib/active_record/connection_adapters/abstract/connection_pool.rb:348:in `checkout'
  activerecord (4.2.4) lib/active_record/connection_adapters/abstract/connection_pool.rb:263:in `block in connection'
  /Users/thiago.rossato/.rvm/rubies/ruby-2.2.2/lib/ruby/2.2.0/monitor.rb:211:in `mon_synchronize'
  activerecord (4.2.4) lib/active_record/connection_adapters/abstract/connection_pool.rb:262:in `connection'
  activerecord (4.2.4) lib/active_record/connection_adapters/abstract/connection_pool.rb:571:in `retrieve_connection'
  activerecord (4.2.4) lib/active_record/connection_handling.rb:113:in `retrieve_connection'
  activerecord (4.2.4) lib/active_record/connection_handling.rb:87:in `connection'
  activerecord (4.2.4) lib/active_record/migration.rb:383:in `connection'
  activerecord (4.2.4) lib/active_record/migration.rb:370:in `call'
  actionpack (4.2.4) lib/action_dispatch/middleware/callbacks.rb:29:in `block in call'
  activesupport (4.2.4) lib/active_support/callbacks.rb:88:in `__run_callbacks__'
  activesupport (4.2.4) lib/active_support/callbacks.rb:778:in `_run_call_callbacks'
  activesupport (4.2.4) lib/active_support/callbacks.rb:81:in `run_callbacks'
  actionpack (4.2.4) lib/action_dispatch/middleware/callbacks.rb:27:in `call'
  actionpack (4.2.4) lib/action_dispatch/middleware/reloader.rb:73:in `call'
  actionpack (4.2.4) lib/action_dispatch/middleware/remote_ip.rb:78:in `call'
  actionpack (4.2.4) lib/action_dispatch/middleware/debug_exceptions.rb:17:in `call'
  web-console (2.2.1) lib/web_console/middleware.rb:39:in `call'
  actionpack (4.2.4) lib/action_dispatch/middleware/show_exceptions.rb:30:in `call'
  railties (4.2.4) lib/rails/rack/logger.rb:38:in `call_app'
  railties (4.2.4) lib/rails/rack/logger.rb:20:in `block in call'
  activesupport (4.2.4) lib/active_support/tagged_logging.rb:68:in `block in tagged'
  activesupport (4.2.4) lib/active_support/tagged_logging.rb:26:in `tagged'
  activesupport (4.2.4) lib/active_support/tagged_logging.rb:68:in `tagged'
  railties (4.2.4) lib/rails/rack/logger.rb:20:in `call'
  actionpack (4.2.4) lib/action_dispatch/middleware/request_id.rb:21:in `call'
  rack (1.6.4) lib/rack/methodoverride.rb:22:in `call'
  rack (1.6.4) lib/rack/runtime.rb:18:in `call'
  activesupport (4.2.4) lib/active_support/cache/strategy/local_cache_middleware.rb:28:in `call'
  rack (1.6.4) lib/rack/lock.rb:17:in `call'
  actionpack (4.2.4) lib/action_dispatch/middleware/static.rb:116:in `call'
  rack (1.6.4) lib/rack/sendfile.rb:113:in `call'
  railties (4.2.4) lib/rails/engine.rb:518:in `call'
  railties (4.2.4) lib/rails/application.rb:165:in `call'
  rack (1.6.4) lib/rack/lock.rb:17:in `call'
  rack (1.6.4) lib/rack/content_length.rb:15:in `call'
  rack (1.6.4) lib/rack/handler/webrick.rb:88:in `service'
  /Users/thiago.rossato/.rvm/rubies/ruby-2.2.2/lib/ruby/2.2.0/webrick/httpserver.rb:138:in `service'
  /Users/thiago.rossato/.rvm/rubies/ruby-2.2.2/lib/ruby/2.2.0/webrick/httpserver.rb:94:in `run'
  /Users/thiago.rossato/.rvm/rubies/ruby-2.2.2/lib/ruby/2.2.0/webrick/server.rb:294:in `block in start_thread'


  Rendered /Users/thiago.rossato/.rvm/gems/ruby-2.2.2/gems/actionpack-4.2.4/lib/action_dispatch/middleware/templates/rescues/_source.erb (5.6ms)
  Rendered /Users/thiago.rossato/.rvm/gems/ruby-2.2.2/gems/actionpack-4.2.4/lib/action_dispatch/middleware/templates/rescues/_trace.html.erb (2.3ms)
  Rendered /Users/thiago.rossato/.rvm/gems/ruby-2.2.2/gems/actionpack-4.2.4/lib/action_dispatch/middleware/templates/rescues/_request_and_response.html.erb (1.2ms)
  Rendered /Users/thiago.rossato/.rvm/gems/ruby-2.2.2/gems/actionpack-4.2.4/lib/action_dispatch/middleware/templates/rescues/diagnostics.html.erb within rescues/layout (84.0ms)
  Rendered /Users/thiago.rossato/.rvm/gems/ruby-2.2.2/gems/web-console-2.2.1/lib/web_console/templates/_markup.html.erb (0.8ms)
  Rendered /Users/thiago.rossato/.rvm/gems/ruby-2.2.2/gems/web-console-2.2.1/lib/web_console/templates/_inner_console_markup.html.erb within layouts/inlined_string (0.4ms)
  Rendered /Users/thiago.rossato/.rvm/gems/ruby-2.2.2/gems/web-console-2.2.1/lib/web_console/templates/_prompt_box_markup.html.erb within layouts/inlined_string (0.4ms)
  Rendered /Users/thiago.rossato/.rvm/gems/ruby-2.2.2/gems/web-console-2.2.1/lib/web_console/templates/style.css.erb within layouts/inlined_string (0.5ms)
  Rendered /Users/thiago.rossato/.rvm/gems/ruby-2.2.2/gems/web-console-2.2.1/lib/web_console/templates/console.js.erb within layouts/javascript (72.9ms)
  Rendered /Users/thiago.rossato/.rvm/gems/ruby-2.2.2/gems/web-console-2.2.1/lib/web_console/templates/main.js.erb within layouts/javascript (0.4ms)
  Rendered /Users/thiago.rossato/.rvm/gems/ruby-2.2.2/gems/web-console-2.2.1/lib/web_console/templates/error_page.js.erb within layouts/javascript (0.5ms)
  Rendered /Users/thiago.rossato/.rvm/gems/ruby-2.2.2/gems/web-console-2.2.1/lib/web_console/templates/index.html.erb (165.7ms)


Started GET "/" for ::1 at 2015-08-26 21:32:33 -0300

ActiveRecord::NoDatabaseError (FATAL:  database "leads_development" does not exist
):
  activerecord (4.2.4) lib/active_record/connection_adapters/postgresql_adapter.rb:665:in `rescue in connect'
  activerecord (4.2.4) lib/active_record/connection_adapters/postgresql_adapter.rb:655:in `connect'
  activerecord (4.2.4) lib/active_record/connection_adapters/postgresql_adapter.rb:242:in `initialize'
  activerecord (4.2.4) lib/active_record/connection_adapters/postgresql_adapter.rb:44:in `new'
  activerecord (4.2.4) lib/active_record/connection_adapters/postgresql_adapter.rb:44:in `postgresql_connection'
  activerecord (4.2.4) lib/active_record/connection_adapters/abstract/connection_pool.rb:438:in `new_connection'
  activerecord (4.2.4) lib/active_record/connection_adapters/abstract/connection_pool.rb:448:in `checkout_new_connection'
  activerecord (4.2.4) lib/active_record/connection_adapters/abstract/connection_pool.rb:422:in `acquire_connection'
  activerecord (4.2.4) lib/active_record/connection_adapters/abstract/connection_pool.rb:349:in `block in checkout'
  /Users/thiago.rossato/.rvm/rubies/ruby-2.2.2/lib/ruby/2.2.0/monitor.rb:211:in `mon_synchronize'
  activerecord (4.2.4) lib/active_record/connection_adapters/abstract/connection_pool.rb:348:in `checkout'
  activerecord (4.2.4) lib/active_record/connection_adapters/abstract/connection_pool.rb:263:in `block in connection'
  /Users/thiago.rossato/.rvm/rubies/ruby-2.2.2/lib/ruby/2.2.0/monitor.rb:211:in `mon_synchronize'
  activerecord (4.2.4) lib/active_record/connection_adapters/abstract/connection_pool.rb:262:in `connection'
  activerecord (4.2.4) lib/active_record/connection_adapters/abstract/connection_pool.rb:571:in `retrieve_connection'
  activerecord (4.2.4) lib/active_record/connection_handling.rb:113:in `retrieve_connection'
  activerecord (4.2.4) lib/active_record/connection_handling.rb:87:in `connection'
  activerecord (4.2.4) lib/active_record/migration.rb:383:in `connection'
  activerecord (4.2.4) lib/active_record/migration.rb:370:in `call'
  actionpack (4.2.4) lib/action_dispatch/middleware/callbacks.rb:29:in `block in call'
  activesupport (4.2.4) lib/active_support/callbacks.rb:88:in `__run_callbacks__'
  activesupport (4.2.4) lib/active_support/callbacks.rb:778:in `_run_call_callbacks'
  activesupport (4.2.4) lib/active_support/callbacks.rb:81:in `run_callbacks'
  actionpack (4.2.4) lib/action_dispatch/middleware/callbacks.rb:27:in `call'
  actionpack (4.2.4) lib/action_dispatch/middleware/reloader.rb:73:in `call'
  actionpack (4.2.4) lib/action_dispatch/middleware/remote_ip.rb:78:in `call'
  actionpack (4.2.4) lib/action_dispatch/middleware/debug_exceptions.rb:17:in `call'
  web-console (2.2.1) lib/web_console/middleware.rb:39:in `call'
  actionpack (4.2.4) lib/action_dispatch/middleware/show_exceptions.rb:30:in `call'
  railties (4.2.4) lib/rails/rack/logger.rb:38:in `call_app'
  railties (4.2.4) lib/rails/rack/logger.rb:20:in `block in call'
  activesupport (4.2.4) lib/active_support/tagged_logging.rb:68:in `block in tagged'
  activesupport (4.2.4) lib/active_support/tagged_logging.rb:26:in `tagged'
  activesupport (4.2.4) lib/active_support/tagged_logging.rb:68:in `tagged'
  railties (4.2.4) lib/rails/rack/logger.rb:20:in `call'
  actionpack (4.2.4) lib/action_dispatch/middleware/request_id.rb:21:in `call'
  rack (1.6.4) lib/rack/methodoverride.rb:22:in `call'
  rack (1.6.4) lib/rack/runtime.rb:18:in `call'
  activesupport (4.2.4) lib/active_support/cache/strategy/local_cache_middleware.rb:28:in `call'
  rack (1.6.4) lib/rack/lock.rb:17:in `call'
  actionpack (4.2.4) lib/action_dispatch/middleware/static.rb:116:in `call'
  rack (1.6.4) lib/rack/sendfile.rb:113:in `call'
  railties (4.2.4) lib/rails/engine.rb:518:in `call'
  railties (4.2.4) lib/rails/application.rb:165:in `call'
  rack (1.6.4) lib/rack/lock.rb:17:in `call'
  rack (1.6.4) lib/rack/content_length.rb:15:in `call'
  rack (1.6.4) lib/rack/handler/webrick.rb:88:in `service'
  /Users/thiago.rossato/.rvm/rubies/ruby-2.2.2/lib/ruby/2.2.0/webrick/httpserver.rb:138:in `service'
  /Users/thiago.rossato/.rvm/rubies/ruby-2.2.2/lib/ruby/2.2.0/webrick/httpserver.rb:94:in `run'
  /Users/thiago.rossato/.rvm/rubies/ruby-2.2.2/lib/ruby/2.2.0/webrick/server.rb:294:in `block in start_thread'


  Rendered /Users/thiago.rossato/.rvm/gems/ruby-2.2.2/gems/actionpack-4.2.4/lib/action_dispatch/middleware/templates/rescues/_source.erb (4.5ms)
  Rendered /Users/thiago.rossato/.rvm/gems/ruby-2.2.2/gems/actionpack-4.2.4/lib/action_dispatch/middleware/templates/rescues/_trace.html.erb (2.1ms)
  Rendered /Users/thiago.rossato/.rvm/gems/ruby-2.2.2/gems/actionpack-4.2.4/lib/action_dispatch/middleware/templates/rescues/_request_and_response.html.erb (1.0ms)
  Rendered /Users/thiago.rossato/.rvm/gems/ruby-2.2.2/gems/actionpack-4.2.4/lib/action_dispatch/middleware/templates/rescues/diagnostics.html.erb within rescues/layout (76.9ms)
  Rendered /Users/thiago.rossato/.rvm/gems/ruby-2.2.2/gems/web-console-2.2.1/lib/web_console/templates/_markup.html.erb (0.5ms)
  Rendered /Users/thiago.rossato/.rvm/gems/ruby-2.2.2/gems/web-console-2.2.1/lib/web_console/templates/_inner_console_markup.html.erb within layouts/inlined_string (0.4ms)
  Rendered /Users/thiago.rossato/.rvm/gems/ruby-2.2.2/gems/web-console-2.2.1/lib/web_console/templates/_prompt_box_markup.html.erb within layouts/inlined_string (0.5ms)
  Rendered /Users/thiago.rossato/.rvm/gems/ruby-2.2.2/gems/web-console-2.2.1/lib/web_console/templates/style.css.erb within layouts/inlined_string (0.4ms)
  Rendered /Users/thiago.rossato/.rvm/gems/ruby-2.2.2/gems/web-console-2.2.1/lib/web_console/templates/console.js.erb within layouts/javascript (64.1ms)
  Rendered /Users/thiago.rossato/.rvm/gems/ruby-2.2.2/gems/web-console-2.2.1/lib/web_console/templates/main.js.erb within layouts/javascript (0.4ms)
  Rendered /Users/thiago.rossato/.rvm/gems/ruby-2.2.2/gems/web-console-2.2.1/lib/web_console/templates/error_page.js.erb within layouts/javascript (0.5ms)
  Rendered /Users/thiago.rossato/.rvm/gems/ruby-2.2.2/gems/web-console-2.2.1/lib/web_console/templates/index.html.erb (142.7ms)


Started GET "/" for ::1 at 2015-08-26 21:38:32 -0300
Processing by WelcomeController#index as HTML
  Rendered welcome/index.html.erb within layouts/application (1.7ms)
Completed 200 OK in 1315ms (Views: 1302.7ms | ActiveRecord: 0.0ms)


Started GET "/assets/welcome.self-e3b0c44298fc1c149afbf4c8996fb92427ae41e4649b934ca495991b7852b855.css?body=1" for ::1 at 2015-08-26 21:38:34 -0300


Started GET "/assets/application.self-e80e8f2318043e8af94dddc2adad5a4f09739a8ebb323b3ab31cd71d45fd9113.css?body=1" for ::1 at 2015-08-26 21:38:34 -0300


Started GET "/assets/jquery_ujs.self-ca5248a2fad13d6bd58ea121318d642f195f0b2dd818b30615f785ff365e8d1f.js?body=1" for ::1 at 2015-08-26 21:38:34 -0300


Started GET "/assets/jquery.self-d03a5518f45df77341bdbe6201ba3bfa547ebba8ed64f0ea56bfa5f96ea7c074.js?body=1" for ::1 at 2015-08-26 21:38:34 -0300


Started GET "/assets/welcome.self-877aef30ae1b040ab8a3aba4e3e309a11d7f2612f44dde450b5c157aa5f95c05.js?body=1" for ::1 at 2015-08-26 21:38:34 -0300


Started GET "/assets/application.self-3b8dabdc891efe46b9a144b400ad69e37d7e5876bdc39dee783419a69d7ca819.js?body=1" for ::1 at 2015-08-26 21:38:34 -0300


Started GET "/assets/turbolinks.self-c37727e9bd6b2735da5c311aa83fead54ed0be6cc8bd9a65309e9c5abe2cbfff.js?body=1" for ::1 at 2015-08-26 21:38:34 -0300


Started GET "/" for ::1 at 2015-08-26 22:26:06 -0300
Processing by WelcomeController#index as HTML
  Rendered welcome/index.html.erb within layouts/application (0.1ms)
Completed 200 OK in 61ms (Views: 58.3ms | ActiveRecord: 0.0ms)


Started GET "/assets/welcome.self-e3b0c44298fc1c149afbf4c8996fb92427ae41e4649b934ca495991b7852b855.css?body=1" for ::1 at 2015-08-26 22:26:06 -0300


Started GET "/assets/application.self-e80e8f2318043e8af94dddc2adad5a4f09739a8ebb323b3ab31cd71d45fd9113.css?body=1" for ::1 at 2015-08-26 22:26:06 -0300


Started GET "/assets/jquery.self-d03a5518f45df77341bdbe6201ba3bfa547ebba8ed64f0ea56bfa5f96ea7c074.js?body=1" for ::1 at 2015-08-26 22:26:06 -0300


Started GET "/assets/jquery_ujs.self-ca5248a2fad13d6bd58ea121318d642f195f0b2dd818b30615f785ff365e8d1f.js?body=1" for ::1 at 2015-08-26 22:26:06 -0300


Started GET "/assets/turbolinks.self-c37727e9bd6b2735da5c311aa83fead54ed0be6cc8bd9a65309e9c5abe2cbfff.js?body=1" for ::1 at 2015-08-26 22:26:06 -0300


Started GET "/assets/welcome.self-877aef30ae1b040ab8a3aba4e3e309a11d7f2612f44dde450b5c157aa5f95c05.js?body=1" for ::1 at 2015-08-26 22:26:06 -0300


Started GET "/assets/application.self-3b8dabdc891efe46b9a144b400ad69e37d7e5876bdc39dee783419a69d7ca819.js?body=1" for ::1 at 2015-08-26 22:26:06 -0300
  [1m[36m (54.8ms)[0m  [1mCREATE TABLE "schema_migrations" ("version" character varying NOT NULL) [0m
  [1m[35m (7.7ms)[0m  CREATE UNIQUE INDEX  "unique_schema_migrations" ON "schema_migrations"  ("version")
  [1m[36mActiveRecord::SchemaMigration Load (1.1ms)[0m  [1mSELECT "schema_migrations".* FROM "schema_migrations"[0m
Migrating to CreateLeads (20150827025933)
  [1m[35m (0.2ms)[0m  BEGIN
  [1m[36m (36.0ms)[0m  [1mCREATE TABLE "leads" ("id" serial primary key, "name" character varying(50), "last_name" character varying(50), "email" character varying(100), "company" character varying(100), "job_title" character varying(100), "phone" character varying(50), "website" character varying(100), "salesforce_id" character varying(50), "salesforce_updated_at" timestamp, "created_at" timestamp NOT NULL, "updated_at" timestamp NOT NULL) [0m
  [1m[35mSQL (4.1ms)[0m  INSERT INTO "schema_migrations" ("version") VALUES ($1)  [["version", "20150827025933"]]
  [1m[36m (6.5ms)[0m  [1mCOMMIT[0m
  [1m[35mActiveRecord::SchemaMigration Load (0.3ms)[0m  SELECT "schema_migrations".* FROM "schema_migrations"
  [1m[36m (23.3ms)[0m  [1mSELECT t2.oid::regclass::text AS to_table, a1.attname AS column, a2.attname AS primary_key, c.conname AS name, c.confupdtype AS on_update, c.confdeltype AS on_delete
FROM pg_constraint c
JOIN pg_class t1 ON c.conrelid = t1.oid
JOIN pg_class t2 ON c.confrelid = t2.oid
JOIN pg_attribute a1 ON a1.attnum = c.conkey[1] AND a1.attrelid = t1.oid
JOIN pg_attribute a2 ON a2.attnum = c.confkey[1] AND a2.attrelid = t2.oid
JOIN pg_namespace t3 ON c.connamespace = t3.oid
WHERE c.contype = 'f'
  AND t1.relname = 'leads'
  AND t3.nspname = ANY (current_schemas(false))
ORDER BY c.conname
[0m


Started GET "/" for ::1 at 2015-08-27 00:17:29 -0300
  [1m[36mActiveRecord::SchemaMigration Load (7.1ms)[0m  [1mSELECT "schema_migrations".* FROM "schema_migrations"[0m
Processing by WelcomeController#index as HTML
  Rendered welcome/index.html.erb within layouts/application (1.8ms)
Completed 200 OK in 1322ms (Views: 1306.8ms | ActiveRecord: 0.0ms)


Started GET "/assets/application.self-e80e8f2318043e8af94dddc2adad5a4f09739a8ebb323b3ab31cd71d45fd9113.css?body=1" for ::1 at 2015-08-27 00:17:30 -0300


Started GET "/assets/jquery.self-d03a5518f45df77341bdbe6201ba3bfa547ebba8ed64f0ea56bfa5f96ea7c074.js?body=1" for ::1 at 2015-08-27 00:17:30 -0300


Started GET "/assets/welcome.self-e3b0c44298fc1c149afbf4c8996fb92427ae41e4649b934ca495991b7852b855.css?body=1" for ::1 at 2015-08-27 00:17:30 -0300


Started GET "/assets/jquery_ujs.self-ca5248a2fad13d6bd58ea121318d642f195f0b2dd818b30615f785ff365e8d1f.js?body=1" for ::1 at 2015-08-27 00:17:30 -0300


Started GET "/assets/turbolinks.self-c37727e9bd6b2735da5c311aa83fead54ed0be6cc8bd9a65309e9c5abe2cbfff.js?body=1" for ::1 at 2015-08-27 00:17:30 -0300


Started GET "/assets/welcome.self-877aef30ae1b040ab8a3aba4e3e309a11d7f2612f44dde450b5c157aa5f95c05.js?body=1" for ::1 at 2015-08-27 00:17:30 -0300


Started GET "/assets/application.self-3b8dabdc891efe46b9a144b400ad69e37d7e5876bdc39dee783419a69d7ca819.js?body=1" for ::1 at 2015-08-27 00:17:30 -0300


Started GET "/leads" for ::1 at 2015-08-27 00:17:35 -0300
Processing by LeadsController#index as HTML
  [1m[35mLead Load (6.9ms)[0m  SELECT "leads".* FROM "leads"
  Rendered leads/index.html.erb within layouts/application (20.0ms)
Completed 200 OK in 79ms (Views: 60.7ms | ActiveRecord: 14.3ms)


Started GET "/leads.json" for ::1 at 2015-08-27 00:17:48 -0300
Processing by LeadsController#index as JSON
  [1m[36mLead Load (0.3ms)[0m  [1mSELECT "leads".* FROM "leads"[0m
  Rendered leads/index.json.jbuilder (5.4ms)
Completed 200 OK in 13ms (Views: 11.9ms | ActiveRecord: 0.3ms)


Started GET "/leads" for ::1 at 2015-08-27 00:17:53 -0300
Processing by LeadsController#index as HTML
  [1m[35mLead Load (0.3ms)[0m  SELECT "leads".* FROM "leads"
  Rendered leads/index.html.erb within layouts/application (1.3ms)
Completed 200 OK in 52ms (Views: 50.4ms | ActiveRecord: 0.3ms)


Started GET "/leads/new" for ::1 at 2015-08-27 00:17:55 -0300
Processing by LeadsController#new as HTML
  Rendered leads/_form.html.erb (15.8ms)
  Rendered leads/new.html.erb within layouts/application (22.3ms)
Completed 200 OK in 97ms (Views: 71.7ms | ActiveRecord: 14.4ms)


Started POST "/leads" for ::1 at 2015-08-27 00:17:59 -0300
Processing by LeadsController#create as HTML
  Parameters: {"utf8"=>"✓", "authenticity_token"=>"1TXxkQpVU5/k1054vsft112WDUHjh8EXkgjho4IUb+7xTVRClOgpjUxgTNwcirEfudX9J7xHPi8Xvsn1Ib/+eA==", "commit"=>"Create Lead"}
  [1m[36m (0.2ms)[0m  [1mBEGIN[0m
  [1m[35mSQL (6.9ms)[0m  INSERT INTO "leads" ("created_at", "updated_at") VALUES ($1, $2) RETURNING "id"  [["created_at", "2015-08-27 03:17:59.834654"], ["updated_at", "2015-08-27 03:17:59.834654"]]
  [1m[36m (12.3ms)[0m  [1mCOMMIT[0m
Redirected to http://localhost:3000/leads/1
Completed 302 Found in 34ms (ActiveRecord: 19.6ms)


Started GET "/leads/1" for ::1 at 2015-08-27 00:17:59 -0300
Processing by LeadsController#show as HTML
  Parameters: {"id"=>"1"}
  [1m[35mLead Load (0.4ms)[0m  SELECT  "leads".* FROM "leads" WHERE "leads"."id" = $1 LIMIT 1  [["id", 1]]
  Rendered leads/show.html.erb within layouts/application (1.3ms)
Completed 200 OK in 87ms (Views: 74.3ms | ActiveRecord: 0.4ms)


Started GET "/leads" for ::1 at 2015-08-27 00:18:02 -0300
Processing by LeadsController#index as HTML
  [1m[36mLead Load (0.3ms)[0m  [1mSELECT "leads".* FROM "leads"[0m
  Rendered leads/index.html.erb within layouts/application (2.7ms)
Completed 200 OK in 51ms (Views: 49.6ms | ActiveRecord: 0.3ms)


Started DELETE "/leads/1" for ::1 at 2015-08-27 00:18:06 -0300
Processing by LeadsController#destroy as HTML
  Parameters: {"authenticity_token"=>"REwg4O4hE72x9Pt6j9MJJzRbvd34EQp/FXGGXB6YbJdgNIUzcJxprxlD+d4tnlXv0BhNu6fR9UeQx64KvTP9AQ==", "id"=>"1"}
  [1m[35mLead Load (0.4ms)[0m  SELECT  "leads".* FROM "leads" WHERE "leads"."id" = $1 LIMIT 1  [["id", 1]]
  [1m[36m (0.1ms)[0m  [1mBEGIN[0m
  [1m[35mSQL (0.4ms)[0m  DELETE FROM "leads" WHERE "leads"."id" = $1  [["id", 1]]
  [1m[36m (5.7ms)[0m  [1mCOMMIT[0m
Redirected to http://localhost:3000/leads
Completed 302 Found in 12ms (ActiveRecord: 6.7ms)


Started GET "/leads" for ::1 at 2015-08-27 00:18:06 -0300
Processing by LeadsController#index as HTML
  [1m[35mLead Load (0.4ms)[0m  SELECT "leads".* FROM "leads"
  Rendered leads/index.html.erb within layouts/application (2.1ms)
Completed 200 OK in 57ms (Views: 56.1ms | ActiveRecord: 0.4ms)


Started GET "/leads" for ::1 at 2015-08-27 00:27:30 -0300
  [1m[36mActiveRecord::SchemaMigration Load (0.2ms)[0m  [1mSELECT "schema_migrations".* FROM "schema_migrations"[0m

ActiveRecord::PendingMigrationError (

Migrations are pending. To resolve this issue, run:

	bin/rake db:migrate RAILS_ENV=development

):
  activerecord (4.2.4) lib/active_record/migration.rb:392:in `check_pending!'
  activerecord (4.2.4) lib/active_record/migration.rb:373:in `call'
  actionpack (4.2.4) lib/action_dispatch/middleware/callbacks.rb:29:in `block in call'
  activesupport (4.2.4) lib/active_support/callbacks.rb:88:in `__run_callbacks__'
  activesupport (4.2.4) lib/active_support/callbacks.rb:778:in `_run_call_callbacks'
  activesupport (4.2.4) lib/active_support/callbacks.rb:81:in `run_callbacks'
  actionpack (4.2.4) lib/action_dispatch/middleware/callbacks.rb:27:in `call'
  actionpack (4.2.4) lib/action_dispatch/middleware/reloader.rb:73:in `call'
  actionpack (4.2.4) lib/action_dispatch/middleware/remote_ip.rb:78:in `call'
  actionpack (4.2.4) lib/action_dispatch/middleware/debug_exceptions.rb:17:in `call'
  web-console (2.2.1) lib/web_console/middleware.rb:39:in `call'
  actionpack (4.2.4) lib/action_dispatch/middleware/show_exceptions.rb:30:in `call'
  railties (4.2.4) lib/rails/rack/logger.rb:38:in `call_app'
  railties (4.2.4) lib/rails/rack/logger.rb:20:in `block in call'
  activesupport (4.2.4) lib/active_support/tagged_logging.rb:68:in `block in tagged'
  activesupport (4.2.4) lib/active_support/tagged_logging.rb:26:in `tagged'
  activesupport (4.2.4) lib/active_support/tagged_logging.rb:68:in `tagged'
  railties (4.2.4) lib/rails/rack/logger.rb:20:in `call'
  actionpack (4.2.4) lib/action_dispatch/middleware/request_id.rb:21:in `call'
  rack (1.6.4) lib/rack/methodoverride.rb:22:in `call'
  rack (1.6.4) lib/rack/runtime.rb:18:in `call'
  activesupport (4.2.4) lib/active_support/cache/strategy/local_cache_middleware.rb:28:in `call'
  rack (1.6.4) lib/rack/lock.rb:17:in `call'
  actionpack (4.2.4) lib/action_dispatch/middleware/static.rb:116:in `call'
  rack (1.6.4) lib/rack/sendfile.rb:113:in `call'
  railties (4.2.4) lib/rails/engine.rb:518:in `call'
  railties (4.2.4) lib/rails/application.rb:165:in `call'
  rack (1.6.4) lib/rack/lock.rb:17:in `call'
  rack (1.6.4) lib/rack/content_length.rb:15:in `call'
  rack (1.6.4) lib/rack/handler/webrick.rb:88:in `service'
  /Users/thiago.rossato/.rvm/rubies/ruby-2.2.2/lib/ruby/2.2.0/webrick/httpserver.rb:138:in `service'
  /Users/thiago.rossato/.rvm/rubies/ruby-2.2.2/lib/ruby/2.2.0/webrick/httpserver.rb:94:in `run'
  /Users/thiago.rossato/.rvm/rubies/ruby-2.2.2/lib/ruby/2.2.0/webrick/server.rb:294:in `block in start_thread'


  Rendered /Users/thiago.rossato/.rvm/gems/ruby-2.2.2/gems/actionpack-4.2.4/lib/action_dispatch/middleware/templates/rescues/_source.erb (3.2ms)
  Rendered /Users/thiago.rossato/.rvm/gems/ruby-2.2.2/gems/actionpack-4.2.4/lib/action_dispatch/middleware/templates/rescues/_trace.html.erb (1.8ms)
  Rendered /Users/thiago.rossato/.rvm/gems/ruby-2.2.2/gems/actionpack-4.2.4/lib/action_dispatch/middleware/templates/rescues/_request_and_response.html.erb (1.1ms)
  Rendered /Users/thiago.rossato/.rvm/gems/ruby-2.2.2/gems/actionpack-4.2.4/lib/action_dispatch/middleware/templates/rescues/diagnostics.html.erb within rescues/layout (75.5ms)
  Rendered /Users/thiago.rossato/.rvm/gems/ruby-2.2.2/gems/web-console-2.2.1/lib/web_console/templates/_markup.html.erb (0.5ms)
  Rendered /Users/thiago.rossato/.rvm/gems/ruby-2.2.2/gems/web-console-2.2.1/lib/web_console/templates/_inner_console_markup.html.erb within layouts/inlined_string (0.5ms)
  Rendered /Users/thiago.rossato/.rvm/gems/ruby-2.2.2/gems/web-console-2.2.1/lib/web_console/templates/_prompt_box_markup.html.erb within layouts/inlined_string (0.4ms)
  Rendered /Users/thiago.rossato/.rvm/gems/ruby-2.2.2/gems/web-console-2.2.1/lib/web_console/templates/style.css.erb within layouts/inlined_string (0.4ms)
  Rendered /Users/thiago.rossato/.rvm/gems/ruby-2.2.2/gems/web-console-2.2.1/lib/web_console/templates/console.js.erb within layouts/javascript (68.5ms)
  Rendered /Users/thiago.rossato/.rvm/gems/ruby-2.2.2/gems/web-console-2.2.1/lib/web_console/templates/main.js.erb within layouts/javascript (0.4ms)
  Rendered /Users/thiago.rossato/.rvm/gems/ruby-2.2.2/gems/web-console-2.2.1/lib/web_console/templates/error_page.js.erb within layouts/javascript (0.5ms)
  Rendered /Users/thiago.rossato/.rvm/gems/ruby-2.2.2/gems/web-console-2.2.1/lib/web_console/templates/index.html.erb (153.3ms)
  [1m[36mActiveRecord::SchemaMigration Load (0.4ms)[0m  [1mSELECT "schema_migrations".* FROM "schema_migrations"[0m
Migrating to CreateLeads (20150827032625)
  [1m[35m (0.2ms)[0m  BEGIN
  [1m[36m (33.4ms)[0m  [1mCREATE TABLE "leads" ("id" serial primary key, "name" character varying(50), "last_name" character varying(50), "email" character varying(100), "company" character varying(100), "job_title" character varying(100), "phone" character varying(50), "website" character varying(100), "salesforce_id" character varying(50), "salesforce_updated_at" timestamp, "created_at" timestamp NOT NULL, "updated_at" timestamp NOT NULL) [0m
PG::DuplicateTable: ERROR:  relation "leads" already exists
: CREATE TABLE "leads" ("id" serial primary key, "name" character varying(50), "last_name" character varying(50), "email" character varying(100), "company" character varying(100), "job_title" character varying(100), "phone" character varying(50), "website" character varying(100), "salesforce_id" character varying(50), "salesforce_updated_at" timestamp, "created_at" timestamp NOT NULL, "updated_at" timestamp NOT NULL) 
  [1m[35m (0.2ms)[0m  ROLLBACK
  [1m[36mActiveRecord::SchemaMigration Load (0.4ms)[0m  [1mSELECT "schema_migrations".* FROM "schema_migrations"[0m
Migrating to CreateLeads (20150827032625)
  [1m[35m (0.2ms)[0m  BEGIN
  [1m[36m (47.1ms)[0m  [1mCREATE TABLE "leads" ("id" serial primary key, "name" character varying(50), "last_name" character varying(50), "email" character varying(100), "company" character varying(100), "job_title" character varying(100), "phone" character varying(50), "website" character varying(100), "salesforce_id" character varying(50), "salesforce_updated_at" timestamp, "created_at" timestamp NOT NULL, "updated_at" timestamp NOT NULL) [0m
PG::DuplicateTable: ERROR:  relation "leads" already exists
: CREATE TABLE "leads" ("id" serial primary key, "name" character varying(50), "last_name" character varying(50), "email" character varying(100), "company" character varying(100), "job_title" character varying(100), "phone" character varying(50), "website" character varying(100), "salesforce_id" character varying(50), "salesforce_updated_at" timestamp, "created_at" timestamp NOT NULL, "updated_at" timestamp NOT NULL) 
  [1m[35m (0.3ms)[0m  ROLLBACK
  [1m[36mActiveRecord::SchemaMigration Load (0.4ms)[0m  [1mSELECT "schema_migrations".* FROM "schema_migrations"[0m
Migrating to CreateLeads (20150827032625)
  [1m[35m (33.0ms)[0m  DROP TABLE "leads"
  [1m[36m (0.2ms)[0m  [1mBEGIN[0m
  [1m[35m (7.2ms)[0m  CREATE TABLE "leads" ("id" serial primary key, "name" character varying(50), "last_name" character varying(50), "email" character varying(100), "company" character varying(100), "job_title" character varying(100), "phone" character varying(50), "website" character varying(100), "salesforce_id" character varying(50), "salesforce_updated_at" timestamp, "created_at" timestamp NOT NULL, "updated_at" timestamp NOT NULL) 
  [1m[36mSQL (0.3ms)[0m  [1mINSERT INTO "schema_migrations" ("version") VALUES ($1)[0m  [["version", "20150827032625"]]
  [1m[35m (5.7ms)[0m  COMMIT
  [1m[36mActiveRecord::SchemaMigration Load (0.3ms)[0m  [1mSELECT "schema_migrations".* FROM "schema_migrations"[0m
  [1m[35m (3.7ms)[0m  SELECT t2.oid::regclass::text AS to_table, a1.attname AS column, a2.attname AS primary_key, c.conname AS name, c.confupdtype AS on_update, c.confdeltype AS on_delete
FROM pg_constraint c
JOIN pg_class t1 ON c.conrelid = t1.oid
JOIN pg_class t2 ON c.confrelid = t2.oid
JOIN pg_attribute a1 ON a1.attnum = c.conkey[1] AND a1.attrelid = t1.oid
JOIN pg_attribute a2 ON a2.attnum = c.confkey[1] AND a2.attrelid = t2.oid
JOIN pg_namespace t3 ON c.connamespace = t3.oid
WHERE c.contype = 'f'
  AND t1.relname = 'leads'
  AND t3.nspname = ANY (current_schemas(false))
ORDER BY c.conname



Started GET "/leads" for ::1 at 2015-08-27 00:30:21 -0300
  [1m[35mActiveRecord::SchemaMigration Load (0.2ms)[0m  SELECT "schema_migrations".* FROM "schema_migrations"
Processing by LeadsController#index as HTML
  [1m[36mLead Load (7.4ms)[0m  [1mSELECT "leads".* FROM "leads"[0m
  Rendered leads/index.html.erb within layouts/application (10.7ms)
Completed 200 OK in 253ms (Views: 242.0ms | ActiveRecord: 8.3ms)


Started GET "/assets/leads.self-e3b0c44298fc1c149afbf4c8996fb92427ae41e4649b934ca495991b7852b855.css?body=1" for ::1 at 2015-08-27 00:30:21 -0300


Started GET "/assets/scaffolds.self-df1eaebe42fef8802d27d92a2cef382a1faa905c602b6a6d038c9cd1171ad5b3.css?body=1" for ::1 at 2015-08-27 00:30:21 -0300


Started GET "/assets/leads.self-877aef30ae1b040ab8a3aba4e3e309a11d7f2612f44dde450b5c157aa5f95c05.js?body=1" for ::1 at 2015-08-27 00:30:22 -0300


Started GET "/assets/jquery_ujs.self-ca5248a2fad13d6bd58ea121318d642f195f0b2dd818b30615f785ff365e8d1f.js?body=1" for ::1 at 2015-08-27 00:30:22 -0300


Started GET "/assets/welcome.self-e3b0c44298fc1c149afbf4c8996fb92427ae41e4649b934ca495991b7852b855.css?body=1" for ::1 at 2015-08-27 00:30:22 -0300


Started GET "/assets/application.self-e80e8f2318043e8af94dddc2adad5a4f09739a8ebb323b3ab31cd71d45fd9113.css?body=1" for ::1 at 2015-08-27 00:30:22 -0300


Started GET "/assets/jquery.self-d03a5518f45df77341bdbe6201ba3bfa547ebba8ed64f0ea56bfa5f96ea7c074.js?body=1" for ::1 at 2015-08-27 00:30:22 -0300


Started GET "/assets/turbolinks.self-c37727e9bd6b2735da5c311aa83fead54ed0be6cc8bd9a65309e9c5abe2cbfff.js?body=1" for ::1 at 2015-08-27 00:30:22 -0300


Started GET "/assets/welcome.self-877aef30ae1b040ab8a3aba4e3e309a11d7f2612f44dde450b5c157aa5f95c05.js?body=1" for ::1 at 2015-08-27 00:30:22 -0300


Started GET "/assets/application.self-3b8dabdc891efe46b9a144b400ad69e37d7e5876bdc39dee783419a69d7ca819.js?body=1" for ::1 at 2015-08-27 00:30:22 -0300


Started GET "/leads.json" for ::1 at 2015-08-27 00:30:29 -0300
Processing by LeadsController#index as JSON
  [1m[35mLead Load (0.6ms)[0m  SELECT "leads".* FROM "leads"
  Rendered leads/index.json.jbuilder (2.0ms)
Completed 200 OK in 9ms (Views: 7.8ms | ActiveRecord: 0.6ms)


Started GET "/leads/new" for ::1 at 2015-08-27 00:30:31 -0300
Processing by LeadsController#new as HTML
  Rendered leads/_form.html.erb (25.2ms)
  Rendered leads/new.html.erb within layouts/application (27.8ms)
Completed 200 OK in 94ms (Views: 79.7ms | ActiveRecord: 1.2ms)


Started POST "/leads" for ::1 at 2015-08-27 00:30:34 -0300
Processing by LeadsController#create as HTML
  Parameters: {"utf8"=>"✓", "authenticity_token"=>"dA8oyUn/uyjsEhCQghzuIzv4MRl7+J/GHTDZj6C6VO5Qd40a10LBOkSlEjQgUbLr37vBfyQ4YP6YhvHZAxHFeA==", "lead"=>{"name"=>"Thiago", "last_name"=>"Rossato", "email"=>"", "company"=>"", "job_title"=>"", "phone"=>"", "website"=>"", "salesforce_id"=>"", "salesforce_updated_at(1i)"=>"2015", "salesforce_updated_at(2i)"=>"8", "salesforce_updated_at(3i)"=>"27", "salesforce_updated_at(4i)"=>"03", "salesforce_updated_at(5i)"=>"30"}, "commit"=>"Create Lead"}
  [1m[36m (0.2ms)[0m  [1mBEGIN[0m
  [1m[35mSQL (0.6ms)[0m  INSERT INTO "leads" ("name", "last_name", "email", "company", "job_title", "phone", "website", "salesforce_id", "salesforce_updated_at", "created_at", "updated_at") VALUES ($1, $2, $3, $4, $5, $6, $7, $8, $9, $10, $11) RETURNING "id"  [["name", "Thiago"], ["last_name", "Rossato"], ["email", ""], ["company", ""], ["job_title", ""], ["phone", ""], ["website", ""], ["salesforce_id", ""], ["salesforce_updated_at", "2015-08-27 03:30:00.000000"], ["created_at", "2015-08-27 03:30:34.947193"], ["updated_at", "2015-08-27 03:30:34.947193"]]
  [1m[36m (0.6ms)[0m  [1mCOMMIT[0m
Redirected to http://localhost:3000/leads/1
Completed 302 Found in 18ms (ActiveRecord: 4.6ms)


Started GET "/leads/1" for ::1 at 2015-08-27 00:30:34 -0300
Processing by LeadsController#show as HTML
  Parameters: {"id"=>"1"}
  [1m[35mLead Load (0.4ms)[0m  SELECT  "leads".* FROM "leads" WHERE "leads"."id" = $1 LIMIT 1  [["id", 1]]
  Rendered leads/show.html.erb within layouts/application (2.2ms)
Completed 200 OK in 60ms (Views: 58.2ms | ActiveRecord: 0.4ms)


Started GET "/leads" for ::1 at 2015-08-27 00:30:48 -0300
Processing by LeadsController#index as HTML
  [1m[36mLead Load (0.4ms)[0m  [1mSELECT "leads".* FROM "leads"[0m
  Rendered leads/index.html.erb within layouts/application (2.9ms)
Completed 200 OK in 51ms (Views: 49.7ms | ActiveRecord: 0.4ms)


Started GET "/leads.json" for ::1 at 2015-08-27 00:30:52 -0300
Processing by LeadsController#index as JSON
  [1m[35mLead Load (0.5ms)[0m  SELECT "leads".* FROM "leads"
  Rendered leads/index.json.jbuilder (2.5ms)
Completed 200 OK in 10ms (Views: 8.5ms | ActiveRecord: 0.5ms)


Started GET "/leads/1" for ::1 at 2015-08-27 00:30:56 -0300
Processing by LeadsController#show as HTML
  Parameters: {"id"=>"1"}
  [1m[36mLead Load (0.7ms)[0m  [1mSELECT  "leads".* FROM "leads" WHERE "leads"."id" = $1 LIMIT 1[0m  [["id", 1]]
  Rendered leads/show.html.erb within layouts/application (2.3ms)
Completed 200 OK in 57ms (Views: 53.5ms | ActiveRecord: 0.7ms)


Started GET "/leads/1" for ::1 at 2015-08-27 00:31:37 -0300
Processing by LeadsController#show as HTML
  Parameters: {"id"=>"1"}
  [1m[35mLead Load (0.4ms)[0m  SELECT  "leads".* FROM "leads" WHERE "leads"."id" = $1 LIMIT 1  [["id", 1]]
  Rendered leads/show.html.erb within layouts/application (0.6ms)
Completed 200 OK in 59ms (Views: 57.0ms | ActiveRecord: 0.4ms)


Started GET "/assets/application.self-e80e8f2318043e8af94dddc2adad5a4f09739a8ebb323b3ab31cd71d45fd9113.css?body=1" for ::1 at 2015-08-27 00:31:37 -0300


Started GET "/assets/scaffolds.self-df1eaebe42fef8802d27d92a2cef382a1faa905c602b6a6d038c9cd1171ad5b3.css?body=1" for ::1 at 2015-08-27 00:31:37 -0300


Started GET "/assets/jquery_ujs.self-ca5248a2fad13d6bd58ea121318d642f195f0b2dd818b30615f785ff365e8d1f.js?body=1" for ::1 at 2015-08-27 00:31:37 -0300


Started GET "/assets/leads.self-e3b0c44298fc1c149afbf4c8996fb92427ae41e4649b934ca495991b7852b855.css?body=1" for ::1 at 2015-08-27 00:31:37 -0300


Started GET "/assets/welcome.self-e3b0c44298fc1c149afbf4c8996fb92427ae41e4649b934ca495991b7852b855.css?body=1" for ::1 at 2015-08-27 00:31:37 -0300


Started GET "/assets/jquery.self-d03a5518f45df77341bdbe6201ba3bfa547ebba8ed64f0ea56bfa5f96ea7c074.js?body=1" for ::1 at 2015-08-27 00:31:37 -0300


Started GET "/assets/turbolinks.self-c37727e9bd6b2735da5c311aa83fead54ed0be6cc8bd9a65309e9c5abe2cbfff.js?body=1" for ::1 at 2015-08-27 00:31:37 -0300


Started GET "/assets/leads.self-877aef30ae1b040ab8a3aba4e3e309a11d7f2612f44dde450b5c157aa5f95c05.js?body=1" for ::1 at 2015-08-27 00:31:37 -0300


Started GET "/assets/welcome.self-877aef30ae1b040ab8a3aba4e3e309a11d7f2612f44dde450b5c157aa5f95c05.js?body=1" for ::1 at 2015-08-27 00:31:37 -0300


Started GET "/assets/application.self-3b8dabdc891efe46b9a144b400ad69e37d7e5876bdc39dee783419a69d7ca819.js?body=1" for ::1 at 2015-08-27 00:31:37 -0300


Started GET "/leads" for ::1 at 2015-08-27 00:31:39 -0300
Processing by LeadsController#index as HTML
  [1m[36mLead Load (0.3ms)[0m  [1mSELECT "leads".* FROM "leads"[0m
  Rendered leads/index.html.erb within layouts/application (1.7ms)
Completed 200 OK in 51ms (Views: 50.1ms | ActiveRecord: 0.3ms)


Started GET "/leads/new" for ::1 at 2015-08-27 00:31:42 -0300
Processing by LeadsController#new as HTML
  Rendered leads/_form.html.erb (7.2ms)
  Rendered leads/new.html.erb within layouts/application (9.2ms)
Completed 200 OK in 57ms (Views: 55.9ms | ActiveRecord: 0.0ms)


Started POST "/leads" for ::1 at 2015-08-27 00:32:11 -0300
Processing by LeadsController#create as HTML
  Parameters: {"utf8"=>"✓", "authenticity_token"=>"cm/4E40Cbb2Iz6nfDB+GMs+vaNWZ3jD8KNeSjGNcu8xWF13AE78XryB4q3uuUtr6K+yYs8Yez8StYbrawPcqWg==", "lead"=>{"name"=>"Priscila", "last_name"=>"Lugon ", "email"=>"priscila@gmail.com", "company"=>"Agriness", "job_title"=>"Developer", "phone"=>"+55 48 33695295", "website"=>"http://www.agriness.com", "salesforce_id"=>"", "salesforce_updated_at(1i)"=>"2015", "salesforce_updated_at(2i)"=>"8", "salesforce_updated_at(3i)"=>"27", "salesforce_updated_at(4i)"=>"03", "salesforce_updated_at(5i)"=>"31"}, "commit"=>"Create Lead"}
  [1m[35m (0.2ms)[0m  BEGIN
  [1m[36mSQL (0.4ms)[0m  [1mINSERT INTO "leads" ("name", "last_name", "email", "company", "job_title", "phone", "website", "salesforce_id", "salesforce_updated_at", "created_at", "updated_at") VALUES ($1, $2, $3, $4, $5, $6, $7, $8, $9, $10, $11) RETURNING "id"[0m  [["name", "Priscila"], ["last_name", "Lugon "], ["email", "priscila@gmail.com"], ["company", "Agriness"], ["job_title", "Developer"], ["phone", "+55 48 33695295"], ["website", "http://www.agriness.com"], ["salesforce_id", ""], ["salesforce_updated_at", "2015-08-27 03:31:00.000000"], ["created_at", "2015-08-27 03:32:11.229738"], ["updated_at", "2015-08-27 03:32:11.229738"]]
  [1m[35m (5.8ms)[0m  COMMIT
Redirected to http://localhost:3000/leads/2
Completed 302 Found in 11ms (ActiveRecord: 6.3ms)


Started GET "/leads/2" for ::1 at 2015-08-27 00:32:11 -0300
Processing by LeadsController#show as HTML
  Parameters: {"id"=>"2"}
  [1m[36mLead Load (0.3ms)[0m  [1mSELECT  "leads".* FROM "leads" WHERE "leads"."id" = $1 LIMIT 1[0m  [["id", 2]]
  Rendered leads/show.html.erb within layouts/application (0.5ms)
Completed 200 OK in 49ms (Views: 47.2ms | ActiveRecord: 0.3ms)


Started GET "/leads" for ::1 at 2015-08-27 00:32:12 -0300
Processing by LeadsController#index as HTML
  [1m[35mLead Load (0.3ms)[0m  SELECT "leads".* FROM "leads"
  Rendered leads/index.html.erb within layouts/application (2.2ms)
Completed 200 OK in 48ms (Views: 46.9ms | ActiveRecord: 0.3ms)


Started GET "/leads" for ::1 at 2015-08-27 00:32:47 -0300
Processing by LeadsController#index as HTML
  [1m[36mLead Load (0.4ms)[0m  [1mSELECT "leads".* FROM "leads"[0m
  Rendered leads/index.html.erb within layouts/application (8.8ms)
Completed 200 OK in 56ms (Views: 55.0ms | ActiveRecord: 0.4ms)


Started GET "/assets/leads.self-e3b0c44298fc1c149afbf4c8996fb92427ae41e4649b934ca495991b7852b855.css?body=1" for ::1 at 2015-08-27 00:32:47 -0300


Started GET "/assets/scaffolds.self-df1eaebe42fef8802d27d92a2cef382a1faa905c602b6a6d038c9cd1171ad5b3.css?body=1" for ::1 at 2015-08-27 00:32:47 -0300


Started GET "/assets/welcome.self-e3b0c44298fc1c149afbf4c8996fb92427ae41e4649b934ca495991b7852b855.css?body=1" for ::1 at 2015-08-27 00:32:47 -0300


Started GET "/assets/application.self-e80e8f2318043e8af94dddc2adad5a4f09739a8ebb323b3ab31cd71d45fd9113.css?body=1" for ::1 at 2015-08-27 00:32:47 -0300


Started GET "/assets/jquery_ujs.self-ca5248a2fad13d6bd58ea121318d642f195f0b2dd818b30615f785ff365e8d1f.js?body=1" for ::1 at 2015-08-27 00:32:47 -0300


Started GET "/assets/turbolinks.self-c37727e9bd6b2735da5c311aa83fead54ed0be6cc8bd9a65309e9c5abe2cbfff.js?body=1" for ::1 at 2015-08-27 00:32:47 -0300


Started GET "/assets/jquery.self-d03a5518f45df77341bdbe6201ba3bfa547ebba8ed64f0ea56bfa5f96ea7c074.js?body=1" for ::1 at 2015-08-27 00:32:47 -0300


Started GET "/assets/leads.self-877aef30ae1b040ab8a3aba4e3e309a11d7f2612f44dde450b5c157aa5f95c05.js?body=1" for ::1 at 2015-08-27 00:32:47 -0300


Started GET "/assets/welcome.self-877aef30ae1b040ab8a3aba4e3e309a11d7f2612f44dde450b5c157aa5f95c05.js?body=1" for ::1 at 2015-08-27 00:32:47 -0300


Started GET "/assets/application.self-3b8dabdc891efe46b9a144b400ad69e37d7e5876bdc39dee783419a69d7ca819.js?body=1" for ::1 at 2015-08-27 00:32:47 -0300


Started GET "/leads/new" for ::1 at 2015-08-27 00:32:48 -0300
Processing by LeadsController#new as HTML
  Rendered leads/_form.html.erb (4.6ms)
  Rendered leads/new.html.erb within layouts/application (6.4ms)
Completed 200 OK in 54ms (Views: 53.8ms | ActiveRecord: 0.0ms)


Started POST "/leads" for ::1 at 2015-08-27 00:32:51 -0300
Processing by LeadsController#create as HTML
  Parameters: {"utf8"=>"✓", "authenticity_token"=>"1xuVRcNrjrw7KKWFd/ccCtWoT6yJ7TXk7o38yTaMNYHzYzCWXdb0rpOfpyHVukDCMeu/ytYtytxrO9SflSekFw==", "lead"=>{"name"=>"", "last_name"=>"", "email"=>"", "company"=>"", "job_title"=>"", "phone"=>"", "website"=>""}, "commit"=>"Create Lead"}
  [1m[35m (0.2ms)[0m  BEGIN
  [1m[36mSQL (0.5ms)[0m  [1mINSERT INTO "leads" ("name", "last_name", "email", "company", "job_title", "phone", "website", "created_at", "updated_at") VALUES ($1, $2, $3, $4, $5, $6, $7, $8, $9) RETURNING "id"[0m  [["name", ""], ["last_name", ""], ["email", ""], ["company", ""], ["job_title", ""], ["phone", ""], ["website", ""], ["created_at", "2015-08-27 03:32:51.097834"], ["updated_at", "2015-08-27 03:32:51.097834"]]
  [1m[35m (2.1ms)[0m  COMMIT
Redirected to http://localhost:3000/leads/3
Completed 302 Found in 7ms (ActiveRecord: 2.8ms)


Started GET "/leads/3" for ::1 at 2015-08-27 00:32:51 -0300
Processing by LeadsController#show as HTML
  Parameters: {"id"=>"3"}
  [1m[36mLead Load (0.3ms)[0m  [1mSELECT  "leads".* FROM "leads" WHERE "leads"."id" = $1 LIMIT 1[0m  [["id", 3]]
  Rendered leads/show.html.erb within layouts/application (0.4ms)
Completed 200 OK in 49ms (Views: 47.8ms | ActiveRecord: 0.3ms)


Started GET "/leads" for ::1 at 2015-08-27 00:32:52 -0300
Processing by LeadsController#index as HTML
  [1m[35mLead Load (0.3ms)[0m  SELECT "leads".* FROM "leads"
  Rendered leads/index.html.erb within layouts/application (2.5ms)
Completed 200 OK in 53ms (Views: 52.0ms | ActiveRecord: 0.3ms)


Started GET "/leads/1/edit" for ::1 at 2015-08-27 00:32:55 -0300
Processing by LeadsController#edit as HTML
  Parameters: {"id"=>"1"}
  [1m[36mLead Load (0.3ms)[0m  [1mSELECT  "leads".* FROM "leads" WHERE "leads"."id" = $1 LIMIT 1[0m  [["id", 1]]
  Rendered leads/_form.html.erb (3.7ms)
  Rendered leads/edit.html.erb within layouts/application (6.1ms)
Completed 200 OK in 63ms (Views: 61.7ms | ActiveRecord: 0.3ms)


Started PATCH "/leads/1" for ::1 at 2015-08-27 00:32:57 -0300
Processing by LeadsController#update as HTML
  Parameters: {"utf8"=>"✓", "authenticity_token"=>"sNdsiXPCOP4VrYzcpTFcoMsHy6xRO89oAHwGGfzOZMuUr8la7X9C7L0ajngHfABoL0Q7yg77MFCFyi5PX2X1XQ==", "lead"=>{"name"=>"Thiago", "last_name"=>"Rossato", "email"=>"", "company"=>"", "job_title"=>"", "phone"=>"", "website"=>""}, "commit"=>"Update Lead", "id"=>"1"}
  [1m[35mLead Load (0.3ms)[0m  SELECT  "leads".* FROM "leads" WHERE "leads"."id" = $1 LIMIT 1  [["id", 1]]
  [1m[36m (0.2ms)[0m  [1mBEGIN[0m
  [1m[35m (0.2ms)[0m  COMMIT
Redirected to http://localhost:3000/leads/1
Completed 302 Found in 5ms (ActiveRecord: 0.7ms)


Started GET "/leads/1" for ::1 at 2015-08-27 00:32:57 -0300
Processing by LeadsController#show as HTML
  Parameters: {"id"=>"1"}
  [1m[36mLead Load (0.4ms)[0m  [1mSELECT  "leads".* FROM "leads" WHERE "leads"."id" = $1 LIMIT 1[0m  [["id", 1]]
  Rendered leads/show.html.erb within layouts/application (0.5ms)
Completed 200 OK in 49ms (Views: 47.6ms | ActiveRecord: 0.4ms)


Started GET "/leads" for ::1 at 2015-08-27 00:32:59 -0300
Processing by LeadsController#index as HTML
  [1m[35mLead Load (0.3ms)[0m  SELECT "leads".* FROM "leads"
  Rendered leads/index.html.erb within layouts/application (2.5ms)
Completed 200 OK in 46ms (Views: 44.6ms | ActiveRecord: 0.3ms)


Started DELETE "/leads/1" for ::1 at 2015-08-27 00:33:01 -0300
Processing by LeadsController#destroy as HTML
  Parameters: {"authenticity_token"=>"KFMQnPoFT+1MEhsmt5HM8DBAEfYal/99mHvPA7EfTgwMK7VPZLg1/+SlGYIV3JA41APhkEVXAEUdzedVErTfmg==", "id"=>"1"}
  [1m[36mLead Load (0.4ms)[0m  [1mSELECT  "leads".* FROM "leads" WHERE "leads"."id" = $1 LIMIT 1[0m  [["id", 1]]
  [1m[35m (0.2ms)[0m  BEGIN
  [1m[36mSQL (2.7ms)[0m  [1mDELETE FROM "leads" WHERE "leads"."id" = $1[0m  [["id", 1]]
  [1m[35m (2.3ms)[0m  COMMIT
Redirected to http://localhost:3000/leads
Completed 302 Found in 9ms (ActiveRecord: 5.6ms)


Started GET "/leads" for ::1 at 2015-08-27 00:33:01 -0300
Processing by LeadsController#index as HTML
  [1m[36mLead Load (0.4ms)[0m  [1mSELECT "leads".* FROM "leads"[0m
  Rendered leads/index.html.erb within layouts/application (2.7ms)
Completed 200 OK in 51ms (Views: 50.0ms | ActiveRecord: 0.4ms)


Started DELETE "/leads/2" for ::1 at 2015-08-27 00:33:03 -0300
Processing by LeadsController#destroy as HTML
  Parameters: {"authenticity_token"=>"5i9YIZFEIEI9c87eizz3t7SApUuyOrZRvYaadVggEYLCV/3yD/laUJXEzHopcat/UMNVLe36SWk4MLIj+4uAFA==", "id"=>"2"}
  [1m[35mLead Load (0.6ms)[0m  SELECT  "leads".* FROM "leads" WHERE "leads"."id" = $1 LIMIT 1  [["id", 2]]
  [1m[36m (0.2ms)[0m  [1mBEGIN[0m
  [1m[35mSQL (0.3ms)[0m  DELETE FROM "leads" WHERE "leads"."id" = $1  [["id", 2]]
  [1m[36m (1.8ms)[0m  [1mCOMMIT[0m
Redirected to http://localhost:3000/leads
Completed 302 Found in 6ms (ActiveRecord: 2.9ms)


Started GET "/leads" for ::1 at 2015-08-27 00:33:03 -0300
Processing by LeadsController#index as HTML
  [1m[35mLead Load (0.3ms)[0m  SELECT "leads".* FROM "leads"
  Rendered leads/index.html.erb within layouts/application (2.1ms)
Completed 200 OK in 55ms (Views: 53.9ms | ActiveRecord: 0.3ms)


Started DELETE "/leads/3" for ::1 at 2015-08-27 00:33:05 -0300
Processing by LeadsController#destroy as HTML
  Parameters: {"authenticity_token"=>"8q/b0sC63JRTp4RysRVhaHvmflwK9ffcXEi/gnAeNwrW134BXgemhvsQhtYTWD2gn6WOOlU1COTZ/pfU07WmnA==", "id"=>"3"}
  [1m[36mLead Load (0.3ms)[0m  [1mSELECT  "leads".* FROM "leads" WHERE "leads"."id" = $1 LIMIT 1[0m  [["id", 3]]
  [1m[35m (0.2ms)[0m  BEGIN
  [1m[36mSQL (0.3ms)[0m  [1mDELETE FROM "leads" WHERE "leads"."id" = $1[0m  [["id", 3]]
  [1m[35m (2.3ms)[0m  COMMIT
Redirected to http://localhost:3000/leads
Completed 302 Found in 7ms (ActiveRecord: 3.1ms)


Started GET "/leads" for ::1 at 2015-08-27 00:33:05 -0300
Processing by LeadsController#index as HTML
  [1m[36mLead Load (0.4ms)[0m  [1mSELECT "leads".* FROM "leads"[0m
  Rendered leads/index.html.erb within layouts/application (1.6ms)
Completed 200 OK in 58ms (Views: 56.9ms | ActiveRecord: 0.4ms)


Started GET "/leads/new" for ::1 at 2015-08-27 00:40:22 -0300
Processing by LeadsController#new as HTML
  Rendered leads/_form.html.erb (4.8ms)
  Rendered leads/new.html.erb within layouts/application (7.7ms)
Completed 200 OK in 79ms (Views: 65.6ms | ActiveRecord: 0.0ms)


Started POST "/leads" for ::1 at 2015-08-27 00:40:24 -0300
Processing by LeadsController#create as HTML
  Parameters: {"utf8"=>"✓", "authenticity_token"=>"5sq7TAYhTnXGfsoxSOGqw30y5c8sAYCdvpCZ+TZMryLCsh6fmJw0Z27JyJXqrPYLmXEVqXPBf6U7JrGvlec+tA==", "lead"=>{"name"=>"", "last_name"=>"", "email"=>"", "company"=>"", "job_title"=>"", "phone"=>"", "website"=>""}, "commit"=>"Create Lead"}
  [1m[35m (0.2ms)[0m  BEGIN
  [1m[36m (0.2ms)[0m  [1mROLLBACK[0m
  Rendered leads/_form.html.erb (7.7ms)
  Rendered leads/new.html.erb within layouts/application (12.2ms)
Completed 200 OK in 68ms (Views: 61.5ms | ActiveRecord: 0.4ms)


Started POST "/leads" for ::1 at 2015-08-27 00:40:39 -0300
Processing by LeadsController#create as HTML
  Parameters: {"utf8"=>"✓", "authenticity_token"=>"ChoN7ReUNyMdi/6KeZS8eP1PBO2DgKS8D9dYiDLuHm0uYqg+iSlNMbU8/C7b2eCwGQz0i9xAW4SKYXDekUWP+w==", "lead"=>{"name"=>"Thiago", "last_name"=>"Rossato", "email"=>"rossato@gmail.com", "company"=>"", "job_title"=>"", "phone"=>"", "website"=>""}, "commit"=>"Create Lead"}
  [1m[35m (0.2ms)[0m  BEGIN
  [1m[36mSQL (0.6ms)[0m  [1mINSERT INTO "leads" ("name", "last_name", "email", "company", "job_title", "phone", "website", "created_at", "updated_at") VALUES ($1, $2, $3, $4, $5, $6, $7, $8, $9) RETURNING "id"[0m  [["name", "Thiago"], ["last_name", "Rossato"], ["email", "rossato@gmail.com"], ["company", ""], ["job_title", ""], ["phone", ""], ["website", ""], ["created_at", "2015-08-27 03:40:39.793630"], ["updated_at", "2015-08-27 03:40:39.793630"]]
  [1m[35m (6.7ms)[0m  COMMIT
Redirected to http://localhost:3000/leads/4
Completed 302 Found in 13ms (ActiveRecord: 7.5ms)


Started GET "/leads/4" for ::1 at 2015-08-27 00:40:39 -0300
Processing by LeadsController#show as HTML
  Parameters: {"id"=>"4"}
  [1m[36mLead Load (0.5ms)[0m  [1mSELECT  "leads".* FROM "leads" WHERE "leads"."id" = $1 LIMIT 1[0m  [["id", 4]]
  Rendered leads/show.html.erb within layouts/application (0.5ms)
Completed 200 OK in 53ms (Views: 50.2ms | ActiveRecord: 0.5ms)


Started GET "/leads" for ::1 at 2015-08-27 00:40:41 -0300
Processing by LeadsController#index as HTML
  [1m[35mLead Load (0.3ms)[0m  SELECT "leads".* FROM "leads"
  Rendered leads/index.html.erb within layouts/application (1.8ms)
Completed 200 OK in 69ms (Views: 67.8ms | ActiveRecord: 0.3ms)
